0 info it worked if it ends with ok
1 verbose cli [ '/usr/local/Cellar/node/7.0.0/bin/node',
1 verbose cli   '/usr/local/bin/npm',
1 verbose cli   'publish' ]
2 info using npm@3.10.8
3 info using node@v7.0.0
4 verbose publish [ '.' ]
5 silly cache add args [ '.', null ]
6 verbose cache add spec .
7 silly cache add parsed spec Result {
7 silly cache add   raw: '.',
7 silly cache add   scope: null,
7 silly cache add   escapedName: null,
7 silly cache add   name: null,
7 silly cache add   rawSpec: '.',
7 silly cache add   spec: '/Users/user/Documents/projects/app/pagination-material-ui',
7 silly cache add   type: 'directory' }
8 verbose addLocalDirectory /Users/user/.npm/pagination-material-ui/1.0.0/package.tgz not in flight; packing
9 verbose correctMkdir /Users/user/.npm correctMkdir not in flight; initializing
10 info lifecycle pagination-material-ui@1.0.0~prepublish: pagination-material-ui@1.0.0
11 silly lifecycle pagination-material-ui@1.0.0~prepublish: no script for prepublish, continuing
12 verbose tar pack [ '/Users/user/.npm/pagination-material-ui/1.0.0/package.tgz',
12 verbose tar pack   '/Users/user/Documents/projects/app/pagination-material-ui' ]
13 verbose tarball /Users/user/.npm/pagination-material-ui/1.0.0/package.tgz
14 verbose folder /Users/user/Documents/projects/app/pagination-material-ui
15 verbose addLocalTarball adding from inside cache /Users/user/.npm/pagination-material-ui/1.0.0/package.tgz
16 verbose correctMkdir /Users/user/.npm correctMkdir not in flight; initializing
17 silly cache afterAdd pagination-material-ui@1.0.0
18 verbose afterAdd /Users/user/.npm/pagination-material-ui/1.0.0/package/package.json not in flight; writing
19 verbose correctMkdir /Users/user/.npm correctMkdir not in flight; initializing
20 verbose afterAdd /Users/user/.npm/pagination-material-ui/1.0.0/package/package.json written
21 silly publish { name: 'pagination-material-ui',
21 silly publish   version: '1.0.0',
21 silly publish   description: 'Pagination component for material-ui',
21 silly publish   main: 'index.js',
21 silly publish   repository:
21 silly publish    { url: 'git+https://github.com/ENDiGo/pagination-material-ui.git',
21 silly publish      type: 'git' },
21 silly publish   author: { name: 'endigo', email: 'endigo.18@gmail.com' },
21 silly publish   license: 'MIT license',
21 silly publish   dependencies:
21 silly publish    { 'material-ui': '^0.16.1',
21 silly publish      react: '^15.3.2',
21 silly publish      'react-dom': '^15.3.2' },
21 silly publish   devDependencies:
21 silly publish    { babel: '^6.5.2',
21 silly publish      'babel-core': '^6.18.2',
21 silly publish      'babel-loader': '^6.2.7',
21 silly publish      'babel-preset-es2015': '^6.18.0',
21 silly publish      'babel-preset-react': '^6.16.0',
21 silly publish      'babel-preset-stage-0': '^6.16.0',
21 silly publish      webpack: '^1.13.3' },
21 silly publish   readme: '# Pagination Component for material-ui\n\n## Usage\n```\nnpm install --save pagination-material-ui\n\nor\n\nyarn add pagination-material-ui\n```\n\n```\nimport React, { Component } from \'react\';\nimport { render } from \'react-dom\';\nimport Pagination from \'pagination-material-ui\'\n\nclass PaginationExample extends Component {\n  render() {\n    return (\n      <Pagination total={100} perPage={10} onChange={this.onChange.bind(this)}/>\n    )\n  }\n  \n  onChange(currentPage, perPage) {\n    // Do some pagination thing here\n  }\n}\n\nrender(<PaginationExample/>, document.getElementById(\'app\'));\n```\n\n\n## Availabel Props \n<strong>total</strong> - Total rows count. <strong>Type: number - required</strong> <br/>\n<strong>perPage</strong> - Show rows count on per page.  <strong>Type: number - required</strong> <br/>\n<strong>onChange</strong> - Callback for page change <strong>Type: function required</strong> <br/>\n\n```\n  @currentPage\n  @perPage\t\n```\n<strong>texts</strong> - Localization text <strong>Type: object</strong>\n\n```\n{\n  page: \'Page: \',\n  perPage: \'Per Page: \',\n  showing: \'Showing {total} of {from} to {to}\'\n}\n```\n',
21 silly publish   readmeFilename: 'README.md',
21 silly publish   gitHead: 'ca3f0f688933ed95bda60a1c15dc22202cbc8085',
21 silly publish   bugs: { url: 'https://github.com/ENDiGo/pagination-material-ui/issues' },
21 silly publish   homepage: 'https://github.com/ENDiGo/pagination-material-ui#readme',
21 silly publish   _id: 'pagination-material-ui@1.0.0',
21 silly publish   scripts: {},
21 silly publish   _shasum: '2291818e809471e6517a0b36fb9e1bfe8578a616',
21 silly publish   _from: '.' }
22 verbose getPublishConfig undefined
23 silly mapToRegistry name pagination-material-ui
24 silly mapToRegistry using default registry
25 silly mapToRegistry registry https://registry.npmjs.org/
26 silly mapToRegistry data Result {
26 silly mapToRegistry   raw: 'pagination-material-ui',
26 silly mapToRegistry   scope: null,
26 silly mapToRegistry   escapedName: 'pagination-material-ui',
26 silly mapToRegistry   name: 'pagination-material-ui',
26 silly mapToRegistry   rawSpec: '',
26 silly mapToRegistry   spec: 'latest',
26 silly mapToRegistry   type: 'tag' }
27 silly mapToRegistry uri https://registry.npmjs.org/pagination-material-ui
28 verbose publish registryBase https://registry.npmjs.org/
29 silly publish uploading /Users/user/.npm/pagination-material-ui/1.0.0/package.tgz
30 verbose request uri https://registry.npmjs.org/pagination-material-ui
31 verbose request sending authorization for write operation
32 info attempt registry request try #1 at 10:56:09 AM
33 verbose request using bearer token for auth
34 verbose request id 47e9af25a274a2e4
35 http request PUT https://registry.npmjs.org/pagination-material-ui
36 http 403 https://registry.npmjs.org/pagination-material-ui
37 verbose headers { 'content-type': 'application/json',
37 verbose headers   'cache-control': 'max-age=300',
37 verbose headers   'content-length': '95',
37 verbose headers   'accept-ranges': 'bytes',
37 verbose headers   date: 'Fri, 11 Nov 2016 02:56:10 GMT',
37 verbose headers   via: '1.1 varnish',
37 verbose headers   connection: 'keep-alive',
37 verbose headers   'x-served-by': 'cache-lax8629-LAX',
37 verbose headers   'x-cache': 'MISS',
37 verbose headers   'x-cache-hits': '0',
37 verbose headers   'x-timer': 'S1478832969.936621,VS0,VE162',
37 verbose headers   vary: 'Accept-Encoding' }
38 verbose request invalidating /Users/user/.npm/registry.npmjs.org/pagination-material-ui on PUT
39 error publish Failed PUT 403
40 verbose stack Error: "You cannot publish over the previously published version 1.0.0." : pagination-material-ui
40 verbose stack     at makeError (/usr/local/lib/node_modules/npm/node_modules/npm-registry-client/lib/request.js:302:12)
40 verbose stack     at CachingRegistryClient.<anonymous> (/usr/local/lib/node_modules/npm/node_modules/npm-registry-client/lib/request.js:290:14)
40 verbose stack     at Request._callback (/usr/local/lib/node_modules/npm/node_modules/npm-registry-client/lib/request.js:210:14)
40 verbose stack     at Request.self.callback (/usr/local/lib/node_modules/npm/node_modules/request/request.js:187:22)
40 verbose stack     at emitTwo (events.js:106:13)
40 verbose stack     at Request.emit (events.js:191:7)
40 verbose stack     at Request.<anonymous> (/usr/local/lib/node_modules/npm/node_modules/request/request.js:1044:10)
40 verbose stack     at emitOne (events.js:96:13)
40 verbose stack     at Request.emit (events.js:188:7)
40 verbose stack     at IncomingMessage.<anonymous> (/usr/local/lib/node_modules/npm/node_modules/request/request.js:965:12)
41 verbose statusCode 403
42 verbose pkgid pagination-material-ui
43 verbose cwd /Users/user/Documents/projects/app/pagination-material-ui
44 error Darwin 16.1.0
45 error argv "/usr/local/Cellar/node/7.0.0/bin/node" "/usr/local/bin/npm" "publish"
46 error node v7.0.0
47 error npm  v3.10.8
48 error code E403
49 error "You cannot publish over the previously published version 1.0.0." : pagination-material-ui
50 error If you need help, you may report this error at:
50 error     <https://github.com/npm/npm/issues>
51 verbose exit [ 1, true ]
